<?xml version="1.0" encoding="UTF-8"?>
<testsuite xmlns:xsi="http://www.w3.org/2001/XMLSchema-instance" xsi:noNamespaceSchemaLocation="https://maven.apache.org/surefire/maven-surefire-plugin/xsd/surefire-test-report-3.0.xsd" version="3.0" name="com.udacity.catpoint.AppTest" time="0.063" tests="1" errors="0" skipped="0" failures="0">
  <properties>
    <property name="java.specification.version" value="24"/>
    <property name="sun.cpu.isalist" value="amd64"/>
    <property name="sun.jnu.encoding" value="Cp1252"/>
    <property name="java.class.path" value="C:\Users\prana\.m2\repository\org\apache\maven\surefire\surefire-booter\3.0.0-M7\surefire-booter-3.0.0-M7.jar;C:\Users\prana\.m2\repository\org\apache\maven\surefire\surefire-api\3.0.0-M7\surefire-api-3.0.0-M7.jar;C:\Users\prana\.m2\repository\org\apache\maven\surefire\surefire-logger-api\3.0.0-M7\surefire-logger-api-3.0.0-M7.jar;C:\Users\prana\.m2\repository\org\apache\maven\surefire\surefire-shared-utils\3.0.0-M7\surefire-shared-utils-3.0.0-M7.jar;C:\Users\prana\.m2\repository\org\apache\maven\surefire\surefire-extensions-spi\3.0.0-M7\surefire-extensions-spi-3.0.0-M7.jar;c:\Users\prana\OneDrive\Desktop\Udasecurity\Udasecurity\catpoint-parent\image-service\target\test-classes;C:\Users\prana\.m2\repository\software\amazon\awssdk\annotations\2.31.13\annotations-2.31.13.jar;C:\Users\prana\.m2\repository\software\amazon\awssdk\utils\2.31.13\utils-2.31.13.jar;C:\Users\prana\.m2\repository\software\amazon\awssdk\identity-spi\2.31.13\identity-spi-2.31.13.jar;C:\Users\prana\.m2\repository\software\amazon\awssdk\profiles\2.31.13\profiles-2.31.13.jar;C:\Users\prana\.m2\repository\software\amazon\awssdk\http-client-spi\2.31.13\http-client-spi-2.31.13.jar;C:\Users\prana\.m2\repository\software\amazon\awssdk\json-utils\2.31.13\json-utils-2.31.13.jar;C:\Users\prana\.m2\repository\software\amazon\awssdk\third-party-jackson-core\2.31.13\third-party-jackson-core-2.31.13.jar;C:\Users\prana\.m2\repository\software\amazon\awssdk\http-auth-aws\2.31.13\http-auth-aws-2.31.13.jar;C:\Users\prana\.m2\repository\software\amazon\awssdk\http-auth-aws-eventstream\2.31.13\http-auth-aws-eventstream-2.31.13.jar;C:\Users\prana\.m2\repository\software\amazon\awssdk\http-auth\2.31.13\http-auth-2.31.13.jar;C:\Users\prana\.m2\repository\software\amazon\awssdk\http-auth-spi\2.31.13\http-auth-spi-2.31.13.jar;C:\Users\prana\.m2\repository\software\amazon\eventstream\eventstream\1.0.1\eventstream-1.0.1.jar;C:\Users\prana\.m2\repository\software\amazon\awssdk\metrics-spi\2.31.13\metrics-spi-2.31.13.jar;C:\Users\prana\.m2\repository\software\amazon\awssdk\endpoints-spi\2.31.13\endpoints-spi-2.31.13.jar;C:\Users\prana\.m2\repository\software\amazon\awssdk\checksums-spi\2.31.13\checksums-spi-2.31.13.jar;C:\Users\prana\.m2\repository\software\amazon\awssdk\checksums\2.31.13\checksums-2.31.13.jar;C:\Users\prana\.m2\repository\software\amazon\awssdk\retries-spi\2.31.13\retries-spi-2.31.13.jar;C:\Users\prana\.m2\repository\software\amazon\awssdk\retries\2.31.13\retries-2.31.13.jar;C:\Users\prana\.m2\repository\org\reactivestreams\reactive-streams\1.0.4\reactive-streams-1.0.4.jar;C:\Users\prana\.m2\repository\software\amazon\awssdk\aws-json-protocol\2.31.13\aws-json-protocol-2.31.13.jar;C:\Users\prana\.m2\repository\software\amazon\awssdk\protocol-core\2.31.13\protocol-core-2.31.13.jar;C:\Users\prana\.m2\repository\software\amazon\awssdk\aws-core\2.31.13\aws-core-2.31.13.jar;C:\Users\prana\.m2\repository\software\amazon\awssdk\apache-client\2.31.13\apache-client-2.31.13.jar;C:\Users\prana\.m2\repository\org\apache\httpcomponents\httpclient\4.5.13\httpclient-4.5.13.jar;C:\Users\prana\.m2\repository\commons-logging\commons-logging\1.2\commons-logging-1.2.jar;C:\Users\prana\.m2\repository\org\apache\httpcomponents\httpcore\4.4.16\httpcore-4.4.16.jar;C:\Users\prana\.m2\repository\commons-codec\commons-codec\1.17.1\commons-codec-1.17.1.jar;C:\Users\prana\.m2\repository\software\amazon\awssdk\netty-nio-client\2.31.13\netty-nio-client-2.31.13.jar;C:\Users\prana\.m2\repository\io\netty\netty-codec-http\4.1.118.Final\netty-codec-http-4.1.118.Final.jar;C:\Users\prana\.m2\repository\io\netty\netty-codec-http2\4.1.118.Final\netty-codec-http2-4.1.118.Final.jar;C:\Users\prana\.m2\repository\io\netty\netty-codec\4.1.118.Final\netty-codec-4.1.118.Final.jar;C:\Users\prana\.m2\repository\io\netty\netty-transport\4.1.118.Final\netty-transport-4.1.118.Final.jar;C:\Users\prana\.m2\repository\io\netty\netty-common\4.1.118.Final\netty-common-4.1.118.Final.jar;C:\Users\prana\.m2\repository\io\netty\netty-buffer\4.1.118.Final\netty-buffer-4.1.118.Final.jar;C:\Users\prana\.m2\repository\io\netty\netty-handler\4.1.118.Final\netty-handler-4.1.118.Final.jar;C:\Users\prana\.m2\repository\io\netty\netty-transport-native-unix-common\4.1.118.Final\netty-transport-native-unix-common-4.1.118.Final.jar;C:\Users\prana\.m2\repository\io\netty\netty-transport-classes-epoll\4.1.118.Final\netty-transport-classes-epoll-4.1.118.Final.jar;C:\Users\prana\.m2\repository\io\netty\netty-resolver\4.1.118.Final\netty-resolver-4.1.118.Final.jar;C:\Users\prana\.m2\repository\org\apache\logging\log4j\log4j-api\2.17.1\log4j-api-2.17.1.jar;C:\Users\prana\.m2\repository\org\apache\logging\log4j\log4j-core\2.17.1\log4j-core-2.17.1.jar;C:\Users\prana\.m2\repository\org\junit\jupiter\junit-jupiter-api\5.13.0-M2\junit-jupiter-api-5.13.0-M2.jar;C:\Users\prana\.m2\repository\org\opentest4j\opentest4j\1.3.0\opentest4j-1.3.0.jar;C:\Users\prana\.m2\repository\org\junit\platform\junit-platform-commons\1.13.0-M2\junit-platform-commons-1.13.0-M2.jar;C:\Users\prana\.m2\repository\org\apiguardian\apiguardian-api\1.1.2\apiguardian-api-1.1.2.jar;C:\Users\prana\.m2\repository\com\github\spotbugs\spotbugs-annotations\4.7.3\spotbugs-annotations-4.7.3.jar;C:\Users\prana\.m2\repository\com\google\code\findbugs\jsr305\3.0.2\jsr305-3.0.2.jar;C:\Users\prana\.m2\repository\org\mockito\mockito-core\5.16.1\mockito-core-5.16.1.jar;C:\Users\prana\.m2\repository\net\bytebuddy\byte-buddy\1.15.11\byte-buddy-1.15.11.jar;C:\Users\prana\.m2\repository\net\bytebuddy\byte-buddy-agent\1.15.11\byte-buddy-agent-1.15.11.jar;C:\Users\prana\.m2\repository\org\objenesis\objenesis\3.3\objenesis-3.3.jar;C:\Users\prana\.m2\repository\org\apache\maven\surefire\surefire-junit-platform\3.0.0-M7\surefire-junit-platform-3.0.0-M7.jar;C:\Users\prana\.m2\repository\org\apache\maven\surefire\common-java5\3.0.0-M7\common-java5-3.0.0-M7.jar;C:\Users\prana\.m2\repository\org\junit\platform\junit-platform-launcher\1.13.0-M2\junit-platform-launcher-1.13.0-M2.jar;C:\Users\prana\.m2\repository\org\junit\platform\junit-platform-engine\1.13.0-M2\junit-platform-engine-1.13.0-M2.jar;C:\Users\prana\.m2\repository\org\junit\jupiter\junit-jupiter-engine\5.13.0-M2\junit-jupiter-engine-5.13.0-M2.jar"/>
    <property name="java.vm.vendor" value="Oracle Corporation"/>
    <property name="sun.arch.data.model" value="64"/>
    <property name="user.variant" value=""/>
    <property name="java.vendor.url" value="https://java.oracle.com/"/>
    <property name="user.timezone" value="Asia/Calcutta"/>
    <property name="os.name" value="Windows 11"/>
    <property name="java.vm.specification.version" value="24"/>
    <property name="sun.java.launcher" value="SUN_STANDARD"/>
    <property name="user.country" value="IN"/>
    <property name="sun.boot.library.path" value="C:\Program Files\Java\jdk-24\bin"/>
    <property name="sun.java.command" value="org.apache.maven.surefire.booter.ForkedBooter C:\Users\prana\AppData\Local\Temp\surefire5425940659101319584 2025-04-12T23-53-06_834-jvmRun1 surefire-20250412235307422_1tmp surefire_0-20250412235307422_2tmp"/>
    <property name="jdk.debug" value="release"/>
    <property name="surefire.test.class.path" value="c:\Users\prana\OneDrive\Desktop\Udasecurity\Udasecurity\catpoint-parent\image-service\target\test-classes;C:\Users\prana\.m2\repository\software\amazon\awssdk\annotations\2.31.13\annotations-2.31.13.jar;C:\Users\prana\.m2\repository\software\amazon\awssdk\utils\2.31.13\utils-2.31.13.jar;C:\Users\prana\.m2\repository\software\amazon\awssdk\identity-spi\2.31.13\identity-spi-2.31.13.jar;C:\Users\prana\.m2\repository\software\amazon\awssdk\profiles\2.31.13\profiles-2.31.13.jar;C:\Users\prana\.m2\repository\software\amazon\awssdk\http-client-spi\2.31.13\http-client-spi-2.31.13.jar;C:\Users\prana\.m2\repository\software\amazon\awssdk\json-utils\2.31.13\json-utils-2.31.13.jar;C:\Users\prana\.m2\repository\software\amazon\awssdk\third-party-jackson-core\2.31.13\third-party-jackson-core-2.31.13.jar;C:\Users\prana\.m2\repository\software\amazon\awssdk\http-auth-aws\2.31.13\http-auth-aws-2.31.13.jar;C:\Users\prana\.m2\repository\software\amazon\awssdk\http-auth-aws-eventstream\2.31.13\http-auth-aws-eventstream-2.31.13.jar;C:\Users\prana\.m2\repository\software\amazon\awssdk\http-auth\2.31.13\http-auth-2.31.13.jar;C:\Users\prana\.m2\repository\software\amazon\awssdk\http-auth-spi\2.31.13\http-auth-spi-2.31.13.jar;C:\Users\prana\.m2\repository\software\amazon\eventstream\eventstream\1.0.1\eventstream-1.0.1.jar;C:\Users\prana\.m2\repository\software\amazon\awssdk\metrics-spi\2.31.13\metrics-spi-2.31.13.jar;C:\Users\prana\.m2\repository\software\amazon\awssdk\endpoints-spi\2.31.13\endpoints-spi-2.31.13.jar;C:\Users\prana\.m2\repository\software\amazon\awssdk\checksums-spi\2.31.13\checksums-spi-2.31.13.jar;C:\Users\prana\.m2\repository\software\amazon\awssdk\checksums\2.31.13\checksums-2.31.13.jar;C:\Users\prana\.m2\repository\software\amazon\awssdk\retries-spi\2.31.13\retries-spi-2.31.13.jar;C:\Users\prana\.m2\repository\software\amazon\awssdk\retries\2.31.13\retries-2.31.13.jar;C:\Users\prana\.m2\repository\org\reactivestreams\reactive-streams\1.0.4\reactive-streams-1.0.4.jar;C:\Users\prana\.m2\repository\software\amazon\awssdk\aws-json-protocol\2.31.13\aws-json-protocol-2.31.13.jar;C:\Users\prana\.m2\repository\software\amazon\awssdk\protocol-core\2.31.13\protocol-core-2.31.13.jar;C:\Users\prana\.m2\repository\software\amazon\awssdk\aws-core\2.31.13\aws-core-2.31.13.jar;C:\Users\prana\.m2\repository\software\amazon\awssdk\apache-client\2.31.13\apache-client-2.31.13.jar;C:\Users\prana\.m2\repository\org\apache\httpcomponents\httpclient\4.5.13\httpclient-4.5.13.jar;C:\Users\prana\.m2\repository\commons-logging\commons-logging\1.2\commons-logging-1.2.jar;C:\Users\prana\.m2\repository\org\apache\httpcomponents\httpcore\4.4.16\httpcore-4.4.16.jar;C:\Users\prana\.m2\repository\commons-codec\commons-codec\1.17.1\commons-codec-1.17.1.jar;C:\Users\prana\.m2\repository\software\amazon\awssdk\netty-nio-client\2.31.13\netty-nio-client-2.31.13.jar;C:\Users\prana\.m2\repository\io\netty\netty-codec-http\4.1.118.Final\netty-codec-http-4.1.118.Final.jar;C:\Users\prana\.m2\repository\io\netty\netty-codec-http2\4.1.118.Final\netty-codec-http2-4.1.118.Final.jar;C:\Users\prana\.m2\repository\io\netty\netty-codec\4.1.118.Final\netty-codec-4.1.118.Final.jar;C:\Users\prana\.m2\repository\io\netty\netty-transport\4.1.118.Final\netty-transport-4.1.118.Final.jar;C:\Users\prana\.m2\repository\io\netty\netty-common\4.1.118.Final\netty-common-4.1.118.Final.jar;C:\Users\prana\.m2\repository\io\netty\netty-buffer\4.1.118.Final\netty-buffer-4.1.118.Final.jar;C:\Users\prana\.m2\repository\io\netty\netty-handler\4.1.118.Final\netty-handler-4.1.118.Final.jar;C:\Users\prana\.m2\repository\io\netty\netty-transport-native-unix-common\4.1.118.Final\netty-transport-native-unix-common-4.1.118.Final.jar;C:\Users\prana\.m2\repository\io\netty\netty-transport-classes-epoll\4.1.118.Final\netty-transport-classes-epoll-4.1.118.Final.jar;C:\Users\prana\.m2\repository\io\netty\netty-resolver\4.1.118.Final\netty-resolver-4.1.118.Final.jar;C:\Users\prana\.m2\repository\org\apache\logging\log4j\log4j-api\2.17.1\log4j-api-2.17.1.jar;C:\Users\prana\.m2\repository\org\apache\logging\log4j\log4j-core\2.17.1\log4j-core-2.17.1.jar;C:\Users\prana\.m2\repository\org\junit\jupiter\junit-jupiter-api\5.13.0-M2\junit-jupiter-api-5.13.0-M2.jar;C:\Users\prana\.m2\repository\org\opentest4j\opentest4j\1.3.0\opentest4j-1.3.0.jar;C:\Users\prana\.m2\repository\org\junit\platform\junit-platform-commons\1.13.0-M2\junit-platform-commons-1.13.0-M2.jar;C:\Users\prana\.m2\repository\org\apiguardian\apiguardian-api\1.1.2\apiguardian-api-1.1.2.jar;C:\Users\prana\.m2\repository\com\github\spotbugs\spotbugs-annotations\4.7.3\spotbugs-annotations-4.7.3.jar;C:\Users\prana\.m2\repository\com\google\code\findbugs\jsr305\3.0.2\jsr305-3.0.2.jar;C:\Users\prana\.m2\repository\org\mockito\mockito-core\5.16.1\mockito-core-5.16.1.jar;C:\Users\prana\.m2\repository\net\bytebuddy\byte-buddy\1.15.11\byte-buddy-1.15.11.jar;C:\Users\prana\.m2\repository\net\bytebuddy\byte-buddy-agent\1.15.11\byte-buddy-agent-1.15.11.jar;C:\Users\prana\.m2\repository\org\objenesis\objenesis\3.3\objenesis-3.3.jar;"/>
    <property name="sun.cpu.endian" value="little"/>
    <property name="user.home" value="C:\Users\prana"/>
    <property name="user.language" value="en"/>
    <property name="java.specification.vendor" value="Oracle Corporation"/>
    <property name="jdk.module.path" value="c:\Users\prana\OneDrive\Desktop\Udasecurity\Udasecurity\catpoint-parent\image-service\target\classes;C:\Users\prana\.m2\repository\software\amazon\awssdk\auth\2.31.13\auth-2.31.13.jar;C:\Users\prana\.m2\repository\software\amazon\awssdk\sdk-core\2.31.13\sdk-core-2.31.13.jar;C:\Users\prana\.m2\repository\org\slf4j\slf4j-api\1.7.36\slf4j-api-1.7.36.jar;C:\Users\prana\.m2\repository\software\amazon\awssdk\regions\2.31.13\regions-2.31.13.jar;C:\Users\prana\.m2\repository\software\amazon\awssdk\rekognition\2.31.13\rekognition-2.31.13.jar"/>
    <property name="java.version.date" value="2025-03-18"/>
    <property name="java.home" value="C:\Program Files\Java\jdk-24"/>
    <property name="file.separator" value="\"/>
    <property name="basedir" value="c:\Users\prana\OneDrive\Desktop\Udasecurity\Udasecurity\catpoint-parent\image-service"/>
    <property name="java.vm.compressedOopsMode" value="Zero based"/>
    <property name="line.separator" value="&#10;"/>
    <property name="java.vm.specification.vendor" value="Oracle Corporation"/>
    <property name="java.specification.name" value="Java Platform API Specification"/>
    <property name="user.script" value=""/>
    <property name="sun.management.compiler" value="HotSpot 64-Bit Tiered Compilers"/>
    <property name="java.runtime.version" value="24+36-3646"/>
    <property name="user.name" value="prana"/>
    <property name="stdout.encoding" value="Cp1252"/>
    <property name="path.separator" value=";"/>
    <property name="os.version" value="10.0"/>
    <property name="java.runtime.name" value="Java(TM) SE Runtime Environment"/>
    <property name="file.encoding" value="UTF-8"/>
    <property name="java.vm.name" value="Java HotSpot(TM) 64-Bit Server VM"/>
    <property name="localRepository" value="C:\Users\prana\.m2\repository"/>
    <property name="java.vendor.url.bug" value="https://bugreport.java.com/bugreport/"/>
    <property name="java.io.tmpdir" value="C:\Users\prana\AppData\Local\Temp\"/>
    <property name="java.version" value="24"/>
    <property name="user.dir" value="c:\Users\prana\OneDrive\Desktop\Udasecurity\Udasecurity\catpoint-parent\image-service"/>
    <property name="os.arch" value="amd64"/>
    <property name="java.vm.specification.name" value="Java Virtual Machine Specification"/>
    <property name="sun.os.patch.level" value=""/>
    <property name="native.encoding" value="Cp1252"/>
    <property name="java.library.path" value="C:\Program Files\Java\jdk-24\bin;C:\windows\Sun\Java\bin;C:\windows\system32;C:\windows;C:\Program Files\Common Files\Oracle\Java\javapath;C:\windows\system32;C:\windows;C:\windows\System32\Wbem;C:\windows\System32\WindowsPowerShell\v1.0\;C:\windows\System32\OpenSSH\;C:\MinGW\bin;C:\Program Files\HP\HP One Agent;C:\Program Files\Git\cmd;C:\apache-maven-3.9.9-bin\apache-maven-3.9.9\bin;C:\Users\prana\AppData\Local\Microsoft\WindowsApps;C:\Users\prana\AppData\Local\Programs\Microsoft VS Code\bin;;c:\Users\prana\AppData\Roaming\Code\User\globalStorage\github.copilot-chat\debugCommand;."/>
    <property name="java.vm.info" value="mixed mode"/>
    <property name="stderr.encoding" value="Cp1252"/>
    <property name="java.vendor" value="Oracle Corporation"/>
    <property name="java.vm.version" value="24+36-3646"/>
    <property name="sun.io.unicode.encoding" value="UnicodeLittle"/>
    <property name="java.class.version" value="68.0"/>
  </properties>
  <testcase name="shouldAnswerWithTrue" classname="com.udacity.catpoint.AppTest" time="0.036"/>
</testsuite>